<?xml version="1.0" encoding="UTF-8"?>
<testsuite xmlns:xsi="http://www.w3.org/2001/XMLSchema-instance" xsi:noNamespaceSchemaLocation="https://maven.apache.org/surefire/maven-surefire-plugin/xsd/surefire-test-report.xsd" name="com.allen.leetcode.LeetcodeApplicationTests" time="3.368" tests="1" errors="0" skipped="0" failures="0">
  <properties>
    <property name="sun.desktop" value="windows"/>
    <property name="awt.toolkit" value="sun.awt.windows.WToolkit"/>
    <property name="file.encoding.pkg" value="sun.io"/>
    <property name="java.specification.version" value="1.8"/>
    <property name="sun.cpu.isalist" value="amd64"/>
    <property name="sun.jnu.encoding" value="GBK"/>
    <property name="java.class.path" value="D:\学习资料-代码\leetcode\target\test-classes;D:\学习资料-代码\leetcode\target\classes;C:\apache-maven-3.5.2-bin\apache-maven-3.5.2\maven-dependcies\org\springframework\boot\spring-boot-starter-security\2.2.2.RELEASE\spring-boot-starter-security-2.2.2.RELEASE.jar;C:\apache-maven-3.5.2-bin\apache-maven-3.5.2\maven-dependcies\org\springframework\boot\spring-boot-starter\2.2.2.RELEASE\spring-boot-starter-2.2.2.RELEASE.jar;C:\apache-maven-3.5.2-bin\apache-maven-3.5.2\maven-dependcies\org\springframework\boot\spring-boot\2.2.2.RELEASE\spring-boot-2.2.2.RELEASE.jar;C:\apache-maven-3.5.2-bin\apache-maven-3.5.2\maven-dependcies\org\springframework\boot\spring-boot-autoconfigure\2.2.2.RELEASE\spring-boot-autoconfigure-2.2.2.RELEASE.jar;C:\apache-maven-3.5.2-bin\apache-maven-3.5.2\maven-dependcies\org\springframework\boot\spring-boot-starter-logging\2.2.2.RELEASE\spring-boot-starter-logging-2.2.2.RELEASE.jar;C:\apache-maven-3.5.2-bin\apache-maven-3.5.2\maven-dependcies\ch\qos\logback\logback-classic\1.2.3\logback-classic-1.2.3.jar;C:\apache-maven-3.5.2-bin\apache-maven-3.5.2\maven-dependcies\ch\qos\logback\logback-core\1.2.3\logback-core-1.2.3.jar;C:\apache-maven-3.5.2-bin\apache-maven-3.5.2\maven-dependcies\org\apache\logging\log4j\log4j-to-slf4j\2.12.1\log4j-to-slf4j-2.12.1.jar;C:\apache-maven-3.5.2-bin\apache-maven-3.5.2\maven-dependcies\org\apache\logging\log4j\log4j-api\2.12.1\log4j-api-2.12.1.jar;C:\apache-maven-3.5.2-bin\apache-maven-3.5.2\maven-dependcies\org\slf4j\jul-to-slf4j\1.7.29\jul-to-slf4j-1.7.29.jar;C:\apache-maven-3.5.2-bin\apache-maven-3.5.2\maven-dependcies\jakarta\annotation\jakarta.annotation-api\1.3.5\jakarta.annotation-api-1.3.5.jar;C:\apache-maven-3.5.2-bin\apache-maven-3.5.2\maven-dependcies\org\yaml\snakeyaml\1.25\snakeyaml-1.25.jar;C:\apache-maven-3.5.2-bin\apache-maven-3.5.2\maven-dependcies\org\springframework\spring-aop\5.2.2.RELEASE\spring-aop-5.2.2.RELEASE.jar;C:\apache-maven-3.5.2-bin\apache-maven-3.5.2\maven-dependcies\org\springframework\spring-beans\5.2.2.RELEASE\spring-beans-5.2.2.RELEASE.jar;C:\apache-maven-3.5.2-bin\apache-maven-3.5.2\maven-dependcies\org\springframework\security\spring-security-config\5.2.1.RELEASE\spring-security-config-5.2.1.RELEASE.jar;C:\apache-maven-3.5.2-bin\apache-maven-3.5.2\maven-dependcies\org\springframework\spring-context\5.2.2.RELEASE\spring-context-5.2.2.RELEASE.jar;C:\apache-maven-3.5.2-bin\apache-maven-3.5.2\maven-dependcies\org\springframework\security\spring-security-web\5.2.1.RELEASE\spring-security-web-5.2.1.RELEASE.jar;C:\apache-maven-3.5.2-bin\apache-maven-3.5.2\maven-dependcies\org\springframework\spring-expression\5.2.2.RELEASE\spring-expression-5.2.2.RELEASE.jar;C:\apache-maven-3.5.2-bin\apache-maven-3.5.2\maven-dependcies\org\springframework\boot\spring-boot-starter-web\2.2.2.RELEASE\spring-boot-starter-web-2.2.2.RELEASE.jar;C:\apache-maven-3.5.2-bin\apache-maven-3.5.2\maven-dependcies\org\springframework\boot\spring-boot-starter-json\2.2.2.RELEASE\spring-boot-starter-json-2.2.2.RELEASE.jar;C:\apache-maven-3.5.2-bin\apache-maven-3.5.2\maven-dependcies\com\fasterxml\jackson\core\jackson-databind\2.10.1\jackson-databind-2.10.1.jar;C:\apache-maven-3.5.2-bin\apache-maven-3.5.2\maven-dependcies\com\fasterxml\jackson\core\jackson-annotations\2.10.1\jackson-annotations-2.10.1.jar;C:\apache-maven-3.5.2-bin\apache-maven-3.5.2\maven-dependcies\com\fasterxml\jackson\core\jackson-core\2.10.1\jackson-core-2.10.1.jar;C:\apache-maven-3.5.2-bin\apache-maven-3.5.2\maven-dependcies\com\fasterxml\jackson\datatype\jackson-datatype-jdk8\2.10.1\jackson-datatype-jdk8-2.10.1.jar;C:\apache-maven-3.5.2-bin\apache-maven-3.5.2\maven-dependcies\com\fasterxml\jackson\datatype\jackson-datatype-jsr310\2.10.1\jackson-datatype-jsr310-2.10.1.jar;C:\apache-maven-3.5.2-bin\apache-maven-3.5.2\maven-dependcies\com\fasterxml\jackson\module\jackson-module-parameter-names\2.10.1\jackson-module-parameter-names-2.10.1.jar;C:\apache-maven-3.5.2-bin\apache-maven-3.5.2\maven-dependcies\org\springframework\boot\spring-boot-starter-tomcat\2.2.2.RELEASE\spring-boot-starter-tomcat-2.2.2.RELEASE.jar;C:\apache-maven-3.5.2-bin\apache-maven-3.5.2\maven-dependcies\org\apache\tomcat\embed\tomcat-embed-core\9.0.29\tomcat-embed-core-9.0.29.jar;C:\apache-maven-3.5.2-bin\apache-maven-3.5.2\maven-dependcies\org\apache\tomcat\embed\tomcat-embed-el\9.0.29\tomcat-embed-el-9.0.29.jar;C:\apache-maven-3.5.2-bin\apache-maven-3.5.2\maven-dependcies\org\apache\tomcat\embed\tomcat-embed-websocket\9.0.29\tomcat-embed-websocket-9.0.29.jar;C:\apache-maven-3.5.2-bin\apache-maven-3.5.2\maven-dependcies\org\springframework\boot\spring-boot-starter-validation\2.2.2.RELEASE\spring-boot-starter-validation-2.2.2.RELEASE.jar;C:\apache-maven-3.5.2-bin\apache-maven-3.5.2\maven-dependcies\jakarta\validation\jakarta.validation-api\2.0.1\jakarta.validation-api-2.0.1.jar;C:\apache-maven-3.5.2-bin\apache-maven-3.5.2\maven-dependcies\org\hibernate\validator\hibernate-validator\6.0.18.Final\hibernate-validator-6.0.18.Final.jar;C:\apache-maven-3.5.2-bin\apache-maven-3.5.2\maven-dependcies\org\jboss\logging\jboss-logging\3.4.1.Final\jboss-logging-3.4.1.Final.jar;C:\apache-maven-3.5.2-bin\apache-maven-3.5.2\maven-dependcies\com\fasterxml\classmate\1.5.1\classmate-1.5.1.jar;C:\apache-maven-3.5.2-bin\apache-maven-3.5.2\maven-dependcies\org\springframework\spring-web\5.2.2.RELEASE\spring-web-5.2.2.RELEASE.jar;C:\apache-maven-3.5.2-bin\apache-maven-3.5.2\maven-dependcies\org\springframework\spring-webmvc\5.2.2.RELEASE\spring-webmvc-5.2.2.RELEASE.jar;C:\apache-maven-3.5.2-bin\apache-maven-3.5.2\maven-dependcies\org\springframework\boot\spring-boot-starter-test\2.2.2.RELEASE\spring-boot-starter-test-2.2.2.RELEASE.jar;C:\apache-maven-3.5.2-bin\apache-maven-3.5.2\maven-dependcies\org\springframework\boot\spring-boot-test\2.2.2.RELEASE\spring-boot-test-2.2.2.RELEASE.jar;C:\apache-maven-3.5.2-bin\apache-maven-3.5.2\maven-dependcies\org\springframework\boot\spring-boot-test-autoconfigure\2.2.2.RELEASE\spring-boot-test-autoconfigure-2.2.2.RELEASE.jar;C:\apache-maven-3.5.2-bin\apache-maven-3.5.2\maven-dependcies\com\jayway\jsonpath\json-path\2.4.0\json-path-2.4.0.jar;C:\apache-maven-3.5.2-bin\apache-maven-3.5.2\maven-dependcies\net\minidev\json-smart\2.3\json-smart-2.3.jar;C:\apache-maven-3.5.2-bin\apache-maven-3.5.2\maven-dependcies\net\minidev\accessors-smart\1.2\accessors-smart-1.2.jar;C:\apache-maven-3.5.2-bin\apache-maven-3.5.2\maven-dependcies\org\ow2\asm\asm\5.0.4\asm-5.0.4.jar;C:\apache-maven-3.5.2-bin\apache-maven-3.5.2\maven-dependcies\org\slf4j\slf4j-api\1.7.29\slf4j-api-1.7.29.jar;C:\apache-maven-3.5.2-bin\apache-maven-3.5.2\maven-dependcies\jakarta\xml\bind\jakarta.xml.bind-api\2.3.2\jakarta.xml.bind-api-2.3.2.jar;C:\apache-maven-3.5.2-bin\apache-maven-3.5.2\maven-dependcies\jakarta\activation\jakarta.activation-api\1.2.1\jakarta.activation-api-1.2.1.jar;C:\apache-maven-3.5.2-bin\apache-maven-3.5.2\maven-dependcies\org\junit\jupiter\junit-jupiter\5.5.2\junit-jupiter-5.5.2.jar;C:\apache-maven-3.5.2-bin\apache-maven-3.5.2\maven-dependcies\org\junit\jupiter\junit-jupiter-api\5.5.2\junit-jupiter-api-5.5.2.jar;C:\apache-maven-3.5.2-bin\apache-maven-3.5.2\maven-dependcies\org\apiguardian\apiguardian-api\1.1.0\apiguardian-api-1.1.0.jar;C:\apache-maven-3.5.2-bin\apache-maven-3.5.2\maven-dependcies\org\opentest4j\opentest4j\1.2.0\opentest4j-1.2.0.jar;C:\apache-maven-3.5.2-bin\apache-maven-3.5.2\maven-dependcies\org\junit\platform\junit-platform-commons\1.5.2\junit-platform-commons-1.5.2.jar;C:\apache-maven-3.5.2-bin\apache-maven-3.5.2\maven-dependcies\org\junit\jupiter\junit-jupiter-params\5.5.2\junit-jupiter-params-5.5.2.jar;C:\apache-maven-3.5.2-bin\apache-maven-3.5.2\maven-dependcies\org\junit\jupiter\junit-jupiter-engine\5.5.2\junit-jupiter-engine-5.5.2.jar;C:\apache-maven-3.5.2-bin\apache-maven-3.5.2\maven-dependcies\org\junit\platform\junit-platform-engine\1.5.2\junit-platform-engine-1.5.2.jar;C:\apache-maven-3.5.2-bin\apache-maven-3.5.2\maven-dependcies\org\mockito\mockito-junit-jupiter\3.1.0\mockito-junit-jupiter-3.1.0.jar;C:\apache-maven-3.5.2-bin\apache-maven-3.5.2\maven-dependcies\org\assertj\assertj-core\3.13.2\assertj-core-3.13.2.jar;C:\apache-maven-3.5.2-bin\apache-maven-3.5.2\maven-dependcies\org\hamcrest\hamcrest\2.1\hamcrest-2.1.jar;C:\apache-maven-3.5.2-bin\apache-maven-3.5.2\maven-dependcies\org\mockito\mockito-core\3.1.0\mockito-core-3.1.0.jar;C:\apache-maven-3.5.2-bin\apache-maven-3.5.2\maven-dependcies\net\bytebuddy\byte-buddy\1.10.4\byte-buddy-1.10.4.jar;C:\apache-maven-3.5.2-bin\apache-maven-3.5.2\maven-dependcies\net\bytebuddy\byte-buddy-agent\1.10.4\byte-buddy-agent-1.10.4.jar;C:\apache-maven-3.5.2-bin\apache-maven-3.5.2\maven-dependcies\org\objenesis\objenesis\2.6\objenesis-2.6.jar;C:\apache-maven-3.5.2-bin\apache-maven-3.5.2\maven-dependcies\org\skyscreamer\jsonassert\1.5.0\jsonassert-1.5.0.jar;C:\apache-maven-3.5.2-bin\apache-maven-3.5.2\maven-dependcies\com\vaadin\external\google\android-json\0.0.20131108.vaadin1\android-json-0.0.20131108.vaadin1.jar;C:\apache-maven-3.5.2-bin\apache-maven-3.5.2\maven-dependcies\org\springframework\spring-core\5.2.2.RELEASE\spring-core-5.2.2.RELEASE.jar;C:\apache-maven-3.5.2-bin\apache-maven-3.5.2\maven-dependcies\org\springframework\spring-jcl\5.2.2.RELEASE\spring-jcl-5.2.2.RELEASE.jar;C:\apache-maven-3.5.2-bin\apache-maven-3.5.2\maven-dependcies\org\springframework\spring-test\5.2.2.RELEASE\spring-test-5.2.2.RELEASE.jar;C:\apache-maven-3.5.2-bin\apache-maven-3.5.2\maven-dependcies\org\xmlunit\xmlunit-core\2.6.3\xmlunit-core-2.6.3.jar;C:\apache-maven-3.5.2-bin\apache-maven-3.5.2\maven-dependcies\org\springframework\security\spring-security-test\5.2.1.RELEASE\spring-security-test-5.2.1.RELEASE.jar;C:\apache-maven-3.5.2-bin\apache-maven-3.5.2\maven-dependcies\org\springframework\security\spring-security-core\5.2.1.RELEASE\spring-security-core-5.2.1.RELEASE.jar;"/>
    <property name="java.vm.vendor" value="Oracle Corporation"/>
    <property name="sun.arch.data.model" value="64"/>
    <property name="user.variant" value=""/>
    <property name="java.vendor.url" value="http://java.oracle.com/"/>
    <property name="user.timezone" value="Asia/Shanghai"/>
    <property name="java.vm.specification.version" value="1.8"/>
    <property name="os.name" value="Windows 10"/>
    <property name="user.country" value="CN"/>
    <property name="sun.java.launcher" value="SUN_STANDARD"/>
    <property name="sun.boot.library.path" value="C:\Program Files\Java\jdk1.8.0_171\jre\bin"/>
    <property name="sun.java.command" value="C:\Users\Pan\AppData\Local\Temp\surefire8006948310669872333\surefirebooter8603989495302012644.jar C:\Users\Pan\AppData\Local\Temp\surefire8006948310669872333 2020-03-30T22-02-31_724-jvmRun1 surefire7415560029990186291tmp surefire_070632570069240484tmp"/>
    <property name="surefire.test.class.path" value="D:\学习资料-代码\leetcode\target\test-classes;D:\学习资料-代码\leetcode\target\classes;C:\apache-maven-3.5.2-bin\apache-maven-3.5.2\maven-dependcies\org\springframework\boot\spring-boot-starter-security\2.2.2.RELEASE\spring-boot-starter-security-2.2.2.RELEASE.jar;C:\apache-maven-3.5.2-bin\apache-maven-3.5.2\maven-dependcies\org\springframework\boot\spring-boot-starter\2.2.2.RELEASE\spring-boot-starter-2.2.2.RELEASE.jar;C:\apache-maven-3.5.2-bin\apache-maven-3.5.2\maven-dependcies\org\springframework\boot\spring-boot\2.2.2.RELEASE\spring-boot-2.2.2.RELEASE.jar;C:\apache-maven-3.5.2-bin\apache-maven-3.5.2\maven-dependcies\org\springframework\boot\spring-boot-autoconfigure\2.2.2.RELEASE\spring-boot-autoconfigure-2.2.2.RELEASE.jar;C:\apache-maven-3.5.2-bin\apache-maven-3.5.2\maven-dependcies\org\springframework\boot\spring-boot-starter-logging\2.2.2.RELEASE\spring-boot-starter-logging-2.2.2.RELEASE.jar;C:\apache-maven-3.5.2-bin\apache-maven-3.5.2\maven-dependcies\ch\qos\logback\logback-classic\1.2.3\logback-classic-1.2.3.jar;C:\apache-maven-3.5.2-bin\apache-maven-3.5.2\maven-dependcies\ch\qos\logback\logback-core\1.2.3\logback-core-1.2.3.jar;C:\apache-maven-3.5.2-bin\apache-maven-3.5.2\maven-dependcies\org\apache\logging\log4j\log4j-to-slf4j\2.12.1\log4j-to-slf4j-2.12.1.jar;C:\apache-maven-3.5.2-bin\apache-maven-3.5.2\maven-dependcies\org\apache\logging\log4j\log4j-api\2.12.1\log4j-api-2.12.1.jar;C:\apache-maven-3.5.2-bin\apache-maven-3.5.2\maven-dependcies\org\slf4j\jul-to-slf4j\1.7.29\jul-to-slf4j-1.7.29.jar;C:\apache-maven-3.5.2-bin\apache-maven-3.5.2\maven-dependcies\jakarta\annotation\jakarta.annotation-api\1.3.5\jakarta.annotation-api-1.3.5.jar;C:\apache-maven-3.5.2-bin\apache-maven-3.5.2\maven-dependcies\org\yaml\snakeyaml\1.25\snakeyaml-1.25.jar;C:\apache-maven-3.5.2-bin\apache-maven-3.5.2\maven-dependcies\org\springframework\spring-aop\5.2.2.RELEASE\spring-aop-5.2.2.RELEASE.jar;C:\apache-maven-3.5.2-bin\apache-maven-3.5.2\maven-dependcies\org\springframework\spring-beans\5.2.2.RELEASE\spring-beans-5.2.2.RELEASE.jar;C:\apache-maven-3.5.2-bin\apache-maven-3.5.2\maven-dependcies\org\springframework\security\spring-security-config\5.2.1.RELEASE\spring-security-config-5.2.1.RELEASE.jar;C:\apache-maven-3.5.2-bin\apache-maven-3.5.2\maven-dependcies\org\springframework\spring-context\5.2.2.RELEASE\spring-context-5.2.2.RELEASE.jar;C:\apache-maven-3.5.2-bin\apache-maven-3.5.2\maven-dependcies\org\springframework\security\spring-security-web\5.2.1.RELEASE\spring-security-web-5.2.1.RELEASE.jar;C:\apache-maven-3.5.2-bin\apache-maven-3.5.2\maven-dependcies\org\springframework\spring-expression\5.2.2.RELEASE\spring-expression-5.2.2.RELEASE.jar;C:\apache-maven-3.5.2-bin\apache-maven-3.5.2\maven-dependcies\org\springframework\boot\spring-boot-starter-web\2.2.2.RELEASE\spring-boot-starter-web-2.2.2.RELEASE.jar;C:\apache-maven-3.5.2-bin\apache-maven-3.5.2\maven-dependcies\org\springframework\boot\spring-boot-starter-json\2.2.2.RELEASE\spring-boot-starter-json-2.2.2.RELEASE.jar;C:\apache-maven-3.5.2-bin\apache-maven-3.5.2\maven-dependcies\com\fasterxml\jackson\core\jackson-databind\2.10.1\jackson-databind-2.10.1.jar;C:\apache-maven-3.5.2-bin\apache-maven-3.5.2\maven-dependcies\com\fasterxml\jackson\core\jackson-annotations\2.10.1\jackson-annotations-2.10.1.jar;C:\apache-maven-3.5.2-bin\apache-maven-3.5.2\maven-dependcies\com\fasterxml\jackson\core\jackson-core\2.10.1\jackson-core-2.10.1.jar;C:\apache-maven-3.5.2-bin\apache-maven-3.5.2\maven-dependcies\com\fasterxml\jackson\datatype\jackson-datatype-jdk8\2.10.1\jackson-datatype-jdk8-2.10.1.jar;C:\apache-maven-3.5.2-bin\apache-maven-3.5.2\maven-dependcies\com\fasterxml\jackson\datatype\jackson-datatype-jsr310\2.10.1\jackson-datatype-jsr310-2.10.1.jar;C:\apache-maven-3.5.2-bin\apache-maven-3.5.2\maven-dependcies\com\fasterxml\jackson\module\jackson-module-parameter-names\2.10.1\jackson-module-parameter-names-2.10.1.jar;C:\apache-maven-3.5.2-bin\apache-maven-3.5.2\maven-dependcies\org\springframework\boot\spring-boot-starter-tomcat\2.2.2.RELEASE\spring-boot-starter-tomcat-2.2.2.RELEASE.jar;C:\apache-maven-3.5.2-bin\apache-maven-3.5.2\maven-dependcies\org\apache\tomcat\embed\tomcat-embed-core\9.0.29\tomcat-embed-core-9.0.29.jar;C:\apache-maven-3.5.2-bin\apache-maven-3.5.2\maven-dependcies\org\apache\tomcat\embed\tomcat-embed-el\9.0.29\tomcat-embed-el-9.0.29.jar;C:\apache-maven-3.5.2-bin\apache-maven-3.5.2\maven-dependcies\org\apache\tomcat\embed\tomcat-embed-websocket\9.0.29\tomcat-embed-websocket-9.0.29.jar;C:\apache-maven-3.5.2-bin\apache-maven-3.5.2\maven-dependcies\org\springframework\boot\spring-boot-starter-validation\2.2.2.RELEASE\spring-boot-starter-validation-2.2.2.RELEASE.jar;C:\apache-maven-3.5.2-bin\apache-maven-3.5.2\maven-dependcies\jakarta\validation\jakarta.validation-api\2.0.1\jakarta.validation-api-2.0.1.jar;C:\apache-maven-3.5.2-bin\apache-maven-3.5.2\maven-dependcies\org\hibernate\validator\hibernate-validator\6.0.18.Final\hibernate-validator-6.0.18.Final.jar;C:\apache-maven-3.5.2-bin\apache-maven-3.5.2\maven-dependcies\org\jboss\logging\jboss-logging\3.4.1.Final\jboss-logging-3.4.1.Final.jar;C:\apache-maven-3.5.2-bin\apache-maven-3.5.2\maven-dependcies\com\fasterxml\classmate\1.5.1\classmate-1.5.1.jar;C:\apache-maven-3.5.2-bin\apache-maven-3.5.2\maven-dependcies\org\springframework\spring-web\5.2.2.RELEASE\spring-web-5.2.2.RELEASE.jar;C:\apache-maven-3.5.2-bin\apache-maven-3.5.2\maven-dependcies\org\springframework\spring-webmvc\5.2.2.RELEASE\spring-webmvc-5.2.2.RELEASE.jar;C:\apache-maven-3.5.2-bin\apache-maven-3.5.2\maven-dependcies\org\springframework\boot\spring-boot-starter-test\2.2.2.RELEASE\spring-boot-starter-test-2.2.2.RELEASE.jar;C:\apache-maven-3.5.2-bin\apache-maven-3.5.2\maven-dependcies\org\springframework\boot\spring-boot-test\2.2.2.RELEASE\spring-boot-test-2.2.2.RELEASE.jar;C:\apache-maven-3.5.2-bin\apache-maven-3.5.2\maven-dependcies\org\springframework\boot\spring-boot-test-autoconfigure\2.2.2.RELEASE\spring-boot-test-autoconfigure-2.2.2.RELEASE.jar;C:\apache-maven-3.5.2-bin\apache-maven-3.5.2\maven-dependcies\com\jayway\jsonpath\json-path\2.4.0\json-path-2.4.0.jar;C:\apache-maven-3.5.2-bin\apache-maven-3.5.2\maven-dependcies\net\minidev\json-smart\2.3\json-smart-2.3.jar;C:\apache-maven-3.5.2-bin\apache-maven-3.5.2\maven-dependcies\net\minidev\accessors-smart\1.2\accessors-smart-1.2.jar;C:\apache-maven-3.5.2-bin\apache-maven-3.5.2\maven-dependcies\org\ow2\asm\asm\5.0.4\asm-5.0.4.jar;C:\apache-maven-3.5.2-bin\apache-maven-3.5.2\maven-dependcies\org\slf4j\slf4j-api\1.7.29\slf4j-api-1.7.29.jar;C:\apache-maven-3.5.2-bin\apache-maven-3.5.2\maven-dependcies\jakarta\xml\bind\jakarta.xml.bind-api\2.3.2\jakarta.xml.bind-api-2.3.2.jar;C:\apache-maven-3.5.2-bin\apache-maven-3.5.2\maven-dependcies\jakarta\activation\jakarta.activation-api\1.2.1\jakarta.activation-api-1.2.1.jar;C:\apache-maven-3.5.2-bin\apache-maven-3.5.2\maven-dependcies\org\junit\jupiter\junit-jupiter\5.5.2\junit-jupiter-5.5.2.jar;C:\apache-maven-3.5.2-bin\apache-maven-3.5.2\maven-dependcies\org\junit\jupiter\junit-jupiter-api\5.5.2\junit-jupiter-api-5.5.2.jar;C:\apache-maven-3.5.2-bin\apache-maven-3.5.2\maven-dependcies\org\apiguardian\apiguardian-api\1.1.0\apiguardian-api-1.1.0.jar;C:\apache-maven-3.5.2-bin\apache-maven-3.5.2\maven-dependcies\org\opentest4j\opentest4j\1.2.0\opentest4j-1.2.0.jar;C:\apache-maven-3.5.2-bin\apache-maven-3.5.2\maven-dependcies\org\junit\platform\junit-platform-commons\1.5.2\junit-platform-commons-1.5.2.jar;C:\apache-maven-3.5.2-bin\apache-maven-3.5.2\maven-dependcies\org\junit\jupiter\junit-jupiter-params\5.5.2\junit-jupiter-params-5.5.2.jar;C:\apache-maven-3.5.2-bin\apache-maven-3.5.2\maven-dependcies\org\junit\jupiter\junit-jupiter-engine\5.5.2\junit-jupiter-engine-5.5.2.jar;C:\apache-maven-3.5.2-bin\apache-maven-3.5.2\maven-dependcies\org\junit\platform\junit-platform-engine\1.5.2\junit-platform-engine-1.5.2.jar;C:\apache-maven-3.5.2-bin\apache-maven-3.5.2\maven-dependcies\org\mockito\mockito-junit-jupiter\3.1.0\mockito-junit-jupiter-3.1.0.jar;C:\apache-maven-3.5.2-bin\apache-maven-3.5.2\maven-dependcies\org\assertj\assertj-core\3.13.2\assertj-core-3.13.2.jar;C:\apache-maven-3.5.2-bin\apache-maven-3.5.2\maven-dependcies\org\hamcrest\hamcrest\2.1\hamcrest-2.1.jar;C:\apache-maven-3.5.2-bin\apache-maven-3.5.2\maven-dependcies\org\mockito\mockito-core\3.1.0\mockito-core-3.1.0.jar;C:\apache-maven-3.5.2-bin\apache-maven-3.5.2\maven-dependcies\net\bytebuddy\byte-buddy\1.10.4\byte-buddy-1.10.4.jar;C:\apache-maven-3.5.2-bin\apache-maven-3.5.2\maven-dependcies\net\bytebuddy\byte-buddy-agent\1.10.4\byte-buddy-agent-1.10.4.jar;C:\apache-maven-3.5.2-bin\apache-maven-3.5.2\maven-dependcies\org\objenesis\objenesis\2.6\objenesis-2.6.jar;C:\apache-maven-3.5.2-bin\apache-maven-3.5.2\maven-dependcies\org\skyscreamer\jsonassert\1.5.0\jsonassert-1.5.0.jar;C:\apache-maven-3.5.2-bin\apache-maven-3.5.2\maven-dependcies\com\vaadin\external\google\android-json\0.0.20131108.vaadin1\android-json-0.0.20131108.vaadin1.jar;C:\apache-maven-3.5.2-bin\apache-maven-3.5.2\maven-dependcies\org\springframework\spring-core\5.2.2.RELEASE\spring-core-5.2.2.RELEASE.jar;C:\apache-maven-3.5.2-bin\apache-maven-3.5.2\maven-dependcies\org\springframework\spring-jcl\5.2.2.RELEASE\spring-jcl-5.2.2.RELEASE.jar;C:\apache-maven-3.5.2-bin\apache-maven-3.5.2\maven-dependcies\org\springframework\spring-test\5.2.2.RELEASE\spring-test-5.2.2.RELEASE.jar;C:\apache-maven-3.5.2-bin\apache-maven-3.5.2\maven-dependcies\org\xmlunit\xmlunit-core\2.6.3\xmlunit-core-2.6.3.jar;C:\apache-maven-3.5.2-bin\apache-maven-3.5.2\maven-dependcies\org\springframework\security\spring-security-test\5.2.1.RELEASE\spring-security-test-5.2.1.RELEASE.jar;C:\apache-maven-3.5.2-bin\apache-maven-3.5.2\maven-dependcies\org\springframework\security\spring-security-core\5.2.1.RELEASE\spring-security-core-5.2.1.RELEASE.jar;"/>
    <property name="sun.cpu.endian" value="little"/>
    <property name="user.home" value="C:\Users\Pan"/>
    <property name="user.language" value="zh"/>
    <property name="java.specification.vendor" value="Oracle Corporation"/>
    <property name="java.home" value="C:\Program Files\Java\jdk1.8.0_171\jre"/>
    <property name="basedir" value="D:\学习资料-代码\leetcode"/>
    <property name="file.separator" value="\"/>
    <property name="line.separator" value="&#10;"/>
    <property name="java.vm.specification.vendor" value="Oracle Corporation"/>
    <property name="java.specification.name" value="Java Platform API Specification"/>
    <property name="java.awt.graphicsenv" value="sun.awt.Win32GraphicsEnvironment"/>
    <property name="surefire.real.class.path" value="C:\Users\Pan\AppData\Local\Temp\surefire8006948310669872333\surefirebooter8603989495302012644.jar"/>
    <property name="sun.boot.class.path" value="C:\Program Files\Java\jdk1.8.0_171\jre\lib\resources.jar;C:\Program Files\Java\jdk1.8.0_171\jre\lib\rt.jar;C:\Program Files\Java\jdk1.8.0_171\jre\lib\sunrsasign.jar;C:\Program Files\Java\jdk1.8.0_171\jre\lib\jsse.jar;C:\Program Files\Java\jdk1.8.0_171\jre\lib\jce.jar;C:\Program Files\Java\jdk1.8.0_171\jre\lib\charsets.jar;C:\Program Files\Java\jdk1.8.0_171\jre\lib\jfr.jar;C:\Program Files\Java\jdk1.8.0_171\jre\classes"/>
    <property name="user.script" value=""/>
    <property name="sun.management.compiler" value="HotSpot 64-Bit Tiered Compilers"/>
    <property name="java.runtime.version" value="1.8.0_171-b11"/>
    <property name="user.name" value="Pan"/>
    <property name="path.separator" value=";"/>
    <property name="os.version" value="10.0"/>
    <property name="java.endorsed.dirs" value="C:\Program Files\Java\jdk1.8.0_171\jre\lib\endorsed"/>
    <property name="java.runtime.name" value="Java(TM) SE Runtime Environment"/>
    <property name="file.encoding" value="GBK"/>
    <property name="java.vm.name" value="Java HotSpot(TM) 64-Bit Server VM"/>
    <property name="localRepository" value="C:\apache-maven-3.5.2-bin\apache-maven-3.5.2\maven-dependcies"/>
    <property name="java.vendor.url.bug" value="http://bugreport.sun.com/bugreport/"/>
    <property name="java.io.tmpdir" value="C:\Users\Pan\AppData\Local\Temp\"/>
    <property name="java.version" value="1.8.0_171"/>
    <property name="user.dir" value="D:\学习资料-代码\leetcode"/>
    <property name="os.arch" value="amd64"/>
    <property name="java.vm.specification.name" value="Java Virtual Machine Specification"/>
    <property name="java.awt.printerjob" value="sun.awt.windows.WPrinterJob"/>
    <property name="idea.version2019.3.1" value="true"/>
    <property name="sun.os.patch.level" value=""/>
    <property name="java.library.path" value="C:\Program Files\Java\jdk1.8.0_171\jre\bin;C:\WINDOWS\Sun\Java\bin;C:\WINDOWS\system32;C:\WINDOWS;c:\program files\graphicsmagick-1.3.31-q16;C:\app\Pan\product\11.2.0\client_1\bin;C:\Windows\system32;C:\Windows;C:\Windows\System32\Wbem;C:\Windows\System32\WindowsPowerShell\v1.0\;C:\Program Files (x86)\NVIDIA Corporation\PhysX\Common;C:\Program Files\Java\jdk1.8.0_171\bin;C:\WINDOWS\system32;C:\WINDOWS;C:\WINDOWS\System32\Wbem;C:\WINDOWS\System32\WindowsPowerShell\v1.0\;C:\apache-maven-3.5.2-bin\apache-maven-3.5.2\bin;C:\WINDOWS\System32\OpenSSH\;C:\Program Files\MySQL\MySQL Server 5.7\bin;C:\Program Files\Git\cmd;&quot;C:\javaaa\apache-tomcat-9.0.10;\lib;C:\javaaa\apache-tomcat-9.0.10;\bin&quot;;&quot;C:\javaaa\apache-tomcat-8.5.32-windows-x64\apache-tomcat-8.5.32\lib;C:\javaaa\apache-tomcat-8.5.32-windows-x64\apache-tomcat-8.5.32\bin&quot;;C:\javaaa\gradle-5.0-all\gradle-5.0\bin;C:\Program Files\Redis\;D:\Program Files\TortoiseGit\bin;% KETTLE_HOME%;;C:\Program Files\NVIDIA Corporation\NVIDIA NvDLISR;C:\WINDOWS\system32;C:\WINDOWS;C:\WINDOWS\System32\Wbem;C:\WINDOWS\System32\WindowsPowerShell\v1.0\;C:\WINDOWS\System32\OpenSSH\;C:\Users\Pan\AppData\Local\Microsoft\WindowsApps;C:\Program Files\JetBrains\IntelliJ IDEA 2018.3.2\bin;C:\Program Files\Bandizip\;."/>
    <property name="java.vm.info" value="mixed mode"/>
    <property name="java.vendor" value="Oracle Corporation"/>
    <property name="java.vm.version" value="25.171-b11"/>
    <property name="java.ext.dirs" value="C:\Program Files\Java\jdk1.8.0_171\jre\lib\ext;C:\WINDOWS\Sun\Java\lib\ext"/>
    <property name="sun.io.unicode.encoding" value="UnicodeLittle"/>
    <property name="maven.repo.local" value="C:\apache-maven-3.5.2-bin\apache-maven-3.5.2\maven-dependcies"/>
    <property name="java.class.version" value="52.0"/>
  </properties>
  <testcase name="contextLoads" classname="com.allen.leetcode.LeetcodeApplicationTests" time="0.169"/>
</testsuite>